react refresh:37 Download the React DevTools for a better development experience: https://reactjs.org/link/react-devtools
deprecations.ts:9 ⚠️ React Router Future Flag Warning: React Router will begin wrapping state updates in `React.startTransition` in v7. You can use the `v7_startTransition` future flag to opt-in early. For more information, see https://reactrouter.com/v6/upgrading/future#v7_starttransition.
warnOnce @ deprecations.ts:9
logDeprecation @ deprecations.ts:13
logV6DeprecationWarnings @ deprecations.ts:26
(anonymous) @ index.tsx:816
commitHookEffectListMount @ react-dom.development.js:23189
commitPassiveMountOnFiber @ react-dom.development.js:24965
commitPassiveMountEffects_complete @ react-dom.development.js:24930
commitPassiveMountEffects_begin @ react-dom.development.js:24917
commitPassiveMountEffects @ react-dom.development.js:24905
flushPassiveEffectsImpl @ react-dom.development.js:27078
flushPassiveEffects @ react-dom.development.js:27023
performSyncWorkOnRoot @ react-dom.development.js:26115
flushSyncCallbacks @ react-dom.development.js:12042
commitRootImpl @ react-dom.development.js:26998
commitRoot @ react-dom.development.js:26721
finishConcurrentRender @ react-dom.development.js:26020
performConcurrentWorkOnRoot @ react-dom.development.js:25848
workLoop @ scheduler.development.js:266
flushWork @ scheduler.development.js:239
performWorkUntilDeadline @ scheduler.development.js:533
deprecations.ts:9 ⚠️ React Router Future Flag Warning: Relative route resolution within Splat routes is changing in v7. You can use the `v7_relativeSplatPath` future flag to opt-in early. For more information, see https://reactrouter.com/v6/upgrading/future#v7_relativesplatpath.
warnOnce @ deprecations.ts:9
logDeprecation @ deprecations.ts:13
logV6DeprecationWarnings @ deprecations.ts:37
(anonymous) @ index.tsx:816
commitHookEffectListMount @ react-dom.development.js:23189
commitPassiveMountOnFiber @ react-dom.development.js:24965
commitPassiveMountEffects_complete @ react-dom.development.js:24930
commitPassiveMountEffects_begin @ react-dom.development.js:24917
commitPassiveMountEffects @ react-dom.development.js:24905
flushPassiveEffectsImpl @ react-dom.development.js:27078
flushPassiveEffects @ react-dom.development.js:27023
performSyncWorkOnRoot @ react-dom.development.js:26115
flushSyncCallbacks @ react-dom.development.js:12042
commitRootImpl @ react-dom.development.js:26998
commitRoot @ react-dom.development.js:26721
finishConcurrentRender @ react-dom.development.js:26020
performConcurrentWorkOnRoot @ react-dom.development.js:25848
workLoop @ scheduler.development.js:266
flushWork @ scheduler.development.js:239
performWorkUntilDeadline @ scheduler.development.js:533
react-dom.development.js:798 Error: <polyline> attribute points: Expected number, "0,NaN 20,NaN".
setValueForProperty @ react-dom.development.js:798
setInitialDOMProperties @ react-dom.development.js:9720
setInitialProperties @ react-dom.development.js:9921
finalizeInitialChildren @ react-dom.development.js:10950
completeWork @ react-dom.development.js:22232
completeUnitOfWork @ react-dom.development.js:26635
performUnitOfWork @ react-dom.development.js:26607
workLoopSync @ react-dom.development.js:26505
renderRootSync @ react-dom.development.js:26473
performSyncWorkOnRoot @ react-dom.development.js:26124
flushSyncCallbacks @ react-dom.development.js:12042
(anonymous) @ react-dom.development.js:25690
react-dom.development.js:86 Warning: Received NaN for the `cy` attribute. If this is expected, cast the value to a string.
    at circle
    at svg
    at div
    at http://localhost:3000/static/js/bundle.js:909:66
    at Box (http://localhost:3000/static/js/bundle.js:26910:72)
    at div
    at http://localhost:3000/static/js/bundle.js:909:66
    at Paper (http://localhost:3000/static/js/bundle.js:14979:88)
    at div
    at http://localhost:3000/static/js/bundle.js:909:66
    at Box (http://localhost:3000/static/js/bundle.js:26910:72)
    at div
    at http://localhost:3000/static/js/bundle.js:909:66
    at Box (http://localhost:3000/static/js/bundle.js:26910:72)
    at div
    at http://localhost:3000/static/js/bundle.js:909:66
    at Box (http://localhost:3000/static/js/bundle.js:26910:72)
    at div
    at http://localhost:3000/static/js/bundle.js:909:66
    at Box (http://localhost:3000/static/js/bundle.js:26910:72)
    at Admin (http://localhost:3000/static/js/bundle.js:112323:74)
    at RenderedRoute (http://localhost:3000/static/js/bundle.js:83054:5)
    at Routes (http://localhost:3000/static/js/bundle.js:83788:5)
    at main
    at ProjectProvider (http://localhost:3000/static/js/bundle.js:120687:3)
    at AppRoutesWithLayout (http://localhost:3000/static/js/bundle.js:108930:82)
    at Router (http://localhost:3000/static/js/bundle.js:83722:15)
    at BrowserRouter (http://localhost:3000/static/js/bundle.js:81623:5)
    at App
printWarning @ react-dom.development.js:86
error @ react-dom.development.js:60
validateProperty$1 @ react-dom.development.js:3736
warnUnknownProperties @ react-dom.development.js:3803
validateProperties$2 @ react-dom.development.js:3827
validatePropertiesInDevelopment @ react-dom.development.js:9541
setInitialProperties @ react-dom.development.js:9830
finalizeInitialChildren @ react-dom.development.js:10950
completeWork @ react-dom.development.js:22232
completeUnitOfWork @ react-dom.development.js:26635
performUnitOfWork @ react-dom.development.js:26607
workLoopSync @ react-dom.development.js:26505
renderRootSync @ react-dom.development.js:26473
performSyncWorkOnRoot @ react-dom.development.js:26124
flushSyncCallbacks @ react-dom.development.js:12042
(anonymous) @ react-dom.development.js:25690
Error: <circle> attribute cy: Expected length, "NaN".
Error: <circle> attribute cy: Expected length, "NaN".
Error: <circle> attribute cy: Expected length, "NaN".
Error: <circle> attribute cy: Expected length, "NaN".
Error: <circle> attribute cy: Expected length, "NaN".
Error: <circle> attribute cy: Expected length, "NaN".
Error: <circle> attribute cy: Expected length, "NaN".
Error: <circle> attribute cy: Expected length, "NaN".
react-dom.development.js:798 Error: <circle> attribute cy: Expected length, "NaN".
setValueForProperty @ react-dom.development.js:798
setInitialDOMProperties @ react-dom.development.js:9720
setInitialProperties @ react-dom.development.js:9921
finalizeInitialChildren @ react-dom.development.js:10950
completeWork @ react-dom.development.js:22232
completeUnitOfWork @ react-dom.development.js:26635
performUnitOfWork @ react-dom.development.js:26607
workLoopSync @ react-dom.development.js:26505
renderRootSync @ react-dom.development.js:26473
performSyncWorkOnRoot @ react-dom.development.js:26124
flushSyncCallbacks @ react-dom.development.js:12042
(anonymous) @ react-dom.development.js:25690
react-dom.development.js:798 Error: <circle> attribute cy: Expected length, "NaN".
setValueForProperty @ react-dom.development.js:798
setInitialDOMProperties @ react-dom.development.js:9720
setInitialProperties @ react-dom.development.js:9921
finalizeInitialChildren @ react-dom.development.js:10950
completeWork @ react-dom.development.js:22232
completeUnitOfWork @ react-dom.development.js:26635
performUnitOfWork @ react-dom.development.js:26607
workLoopSync @ react-dom.development.js:26505
renderRootSync @ react-dom.development.js:26473
performSyncWorkOnRoot @ react-dom.development.js:26124
flushSyncCallbacks @ react-dom.development.js:12042
(anonymous) @ react-dom.development.js:25690
react-dom.development.js:798 Error: <circle> attribute cy: Expected length, "NaN".
setValueForProperty @ react-dom.development.js:798
updateDOMProperties @ react-dom.development.js:9738
updateProperties @ react-dom.development.js:10143
commitUpdate @ react-dom.development.js:11047
commitMutationEffectsOnFiber @ react-dom.development.js:24428
recursivelyTraverseMutationEffects @ react-dom.development.js:24312
commitMutationEffectsOnFiber @ react-dom.development.js:24615
recursivelyTraverseMutationEffects @ react-dom.development.js:24312
commitMutationEffectsOnFiber @ react-dom.development.js:24385
recursivelyTraverseMutationEffects @ react-dom.development.js:24312
commitMutationEffectsOnFiber @ react-dom.development.js:24385
recursivelyTraverseMutationEffects @ react-dom.development.js:24312
commitMutationEffectsOnFiber @ react-dom.development.js:24332
recursivelyTraverseMutationEffects @ react-dom.development.js:24312
commitMutationEffectsOnFiber @ react-dom.development.js:24332
recursivelyTraverseMutationEffects @ react-dom.development.js:24312
commitMutationEffectsOnFiber @ react-dom.development.js:24385
recursivelyTraverseMutationEffects @ react-dom.development.js:24312
commitMutationEffectsOnFiber @ react-dom.development.js:24332
recursivelyTraverseMutationEffects @ react-dom.development.js:24312
commitMutationEffectsOnFiber @ react-dom.development.js:24332
recursivelyTraverseMutationEffects @ react-dom.development.js:24312
commitMutationEffectsOnFiber @ react-dom.development.js:24385
recursivelyTraverseMutationEffects @ react-dom.development.js:24312
commitMutationEffectsOnFiber @ react-dom.development.js:24332
recursivelyTraverseMutationEffects @ react-dom.development.js:24312
commitMutationEffectsOnFiber @ react-dom.development.js:24332
recursivelyTraverseMutationEffects @ react-dom.development.js:24312
commitMutationEffectsOnFiber @ react-dom.development.js:24385
recursivelyTraverseMutationEffects @ react-dom.development.js:24312
commitMutationEffectsOnFiber @ react-dom.development.js:24332
recursivelyTraverseMutationEffects @ react-dom.development.js:24312
commitMutationEffectsOnFiber @ react-dom.development.js:24332
recursivelyTraverseMutationEffects @ react-dom.development.js:24312
commitMutationEffectsOnFiber @ react-dom.development.js:24385
recursivelyTraverseMutationEffects @ react-dom.development.js:24312
commitMutationEffectsOnFiber @ react-dom.development.js:24332
recursivelyTraverseMutationEffects @ react-dom.development.js:24312
commitMutationEffectsOnFiber @ react-dom.development.js:24332
recursivelyTraverseMutationEffects @ react-dom.development.js:24312
commitMutationEffectsOnFiber @ react-dom.development.js:24385
recursivelyTraverseMutationEffects @ react-dom.development.js:24312
commitMutationEffectsOnFiber @ react-dom.development.js:24332
recursivelyTraverseMutationEffects @ react-dom.development.js:24312
commitMutationEffectsOnFiber @ react-dom.development.js:24332
recursivelyTraverseMutationEffects @ react-dom.development.js:24312
commitMutationEffectsOnFiber @ react-dom.development.js:24332
recursivelyTraverseMutationEffects @ react-dom.development.js:24312
commitMutationEffectsOnFiber @ react-dom.development.js:24615
recursivelyTraverseMutationEffects @ react-dom.development.js:24312
commitMutationEffectsOnFiber @ react-dom.development.js:24332
recursivelyTraverseMutationEffects @ react-dom.development.js:24312
commitMutationEffectsOnFiber @ react-dom.development.js:24332
recursivelyTraverseMutationEffects @ react-dom.development.js:24312
commitMutationEffectsOnFiber @ react-dom.development.js:24385
recursivelyTraverseMutationEffects @ react-dom.development.js:24312
commitMutationEffectsOnFiber @ react-dom.development.js:24615
recursivelyTraverseMutationEffects @ react-dom.development.js:24312
commitMutationEffectsOnFiber @ react-dom.development.js:24332
recursivelyTraverseMutationEffects @ react-dom.development.js:24312
commitMutationEffectsOnFiber @ react-dom.development.js:24332
recursivelyTraverseMutationEffects @ react-dom.development.js:24312
commitMutationEffectsOnFiber @ react-dom.development.js:24615
recursivelyTraverseMutationEffects @ react-dom.development.js:24312
commitMutationEffectsOnFiber @ react-dom.development.js:24615
recursivelyTraverseMutationEffects @ react-dom.development.js:24312
commitMutationEffectsOnFiber @ react-dom.development.js:24332
recursivelyTraverseMutationEffects @ react-dom.development.js:24312
commitMutationEffectsOnFiber @ react-dom.development.js:24332
recursivelyTraverseMutationEffects @ react-dom.development.js:24312
commitMutationEffectsOnFiber @ react-dom.development.js:24332
recursivelyTraverseMutationEffects @ react-dom.development.js:24312
commitMutationEffectsOnFiber @ react-dom.development.js:24615
recursivelyTraverseMutationEffects @ react-dom.development.js:24312
commitMutationEffectsOnFiber @ react-dom.development.js:24471
commitMutationEffects @ react-dom.development.js:24282
commitRootImpl @ react-dom.development.js:26849
commitRoot @ react-dom.development.js:26721
finishConcurrentRender @ react-dom.development.js:26020
performConcurrentWorkOnRoot @ react-dom.development.js:25848
workLoop @ scheduler.development.js:266
flushWork @ scheduler.development.js:239
performWorkUntilDeadline @ scheduler.development.js:533
react-dom.development.js:798 Error: <circle> attribute cy: Expected length, "NaN".
setValueForProperty @ react-dom.development.js:798
updateDOMProperties @ react-dom.development.js:9738
updateProperties @ react-dom.development.js:10143
commitUpdate @ react-dom.development.js:11047
commitMutationEffectsOnFiber @ react-dom.development.js:24428
recursivelyTraverseMutationEffects @ react-dom.development.js:24312
commitMutationEffectsOnFiber @ react-dom.development.js:24615
recursivelyTraverseMutationEffects @ react-dom.development.js:24312
commitMutationEffectsOnFiber @ react-dom.development.js:24385
recursivelyTraverseMutationEffects @ react-dom.development.js:24312
commitMutationEffectsOnFiber @ react-dom.development.js:24385
recursivelyTraverseMutationEffects @ react-dom.development.js:24312
commitMutationEffectsOnFiber @ react-dom.development.js:24332
recursivelyTraverseMutationEffects @ react-dom.development.js:24312
commitMutationEffectsOnFiber @ react-dom.development.js:24332
recursivelyTraverseMutationEffects @ react-dom.development.js:24312
commitMutationEffectsOnFiber @ react-dom.development.js:24385
recursivelyTraverseMutationEffects @ react-dom.development.js:24312
commitMutationEffectsOnFiber @ react-dom.development.js:24332
recursivelyTraverseMutationEffects @ react-dom.development.js:24312
commitMutationEffectsOnFiber @ react-dom.development.js:24332
recursivelyTraverseMutationEffects @ react-dom.development.js:24312
commitMutationEffectsOnFiber @ react-dom.development.js:24385
recursivelyTraverseMutationEffects @ react-dom.development.js:24312
commitMutationEffectsOnFiber @ react-dom.development.js:24332
recursivelyTraverseMutationEffects @ react-dom.development.js:24312
commitMutationEffectsOnFiber @ react-dom.development.js:24332
recursivelyTraverseMutationEffects @ react-dom.development.js:24312
commitMutationEffectsOnFiber @ react-dom.development.js:24385
recursivelyTraverseMutationEffects @ react-dom.development.js:24312
commitMutationEffectsOnFiber @ react-dom.development.js:24332
recursivelyTraverseMutationEffects @ react-dom.development.js:24312
commitMutationEffectsOnFiber @ react-dom.development.js:24332
recursivelyTraverseMutationEffects @ react-dom.development.js:24312
commitMutationEffectsOnFiber @ react-dom.development.js:24385
recursivelyTraverseMutationEffects @ react-dom.development.js:24312
commitMutationEffectsOnFiber @ react-dom.development.js:24332
recursivelyTraverseMutationEffects @ react-dom.development.js:24312
commitMutationEffectsOnFiber @ react-dom.development.js:24332
recursivelyTraverseMutationEffects @ react-dom.development.js:24312
commitMutationEffectsOnFiber @ react-dom.development.js:24385
recursivelyTraverseMutationEffects @ react-dom.development.js:24312
commitMutationEffectsOnFiber @ react-dom.development.js:24332
recursivelyTraverseMutationEffects @ react-dom.development.js:24312
commitMutationEffectsOnFiber @ react-dom.development.js:24332
recursivelyTraverseMutationEffects @ react-dom.development.js:24312
commitMutationEffectsOnFiber @ react-dom.development.js:24332
recursivelyTraverseMutationEffects @ react-dom.development.js:24312
commitMutationEffectsOnFiber @ react-dom.development.js:24615
recursivelyTraverseMutationEffects @ react-dom.development.js:24312
commitMutationEffectsOnFiber @ react-dom.development.js:24332
recursivelyTraverseMutationEffects @ react-dom.development.js:24312
commitMutationEffectsOnFiber @ react-dom.development.js:24332
recursivelyTraverseMutationEffects @ react-dom.development.js:24312
commitMutationEffectsOnFiber @ react-dom.development.js:24385
recursivelyTraverseMutationEffects @ react-dom.development.js:24312
commitMutationEffectsOnFiber @ react-dom.development.js:24615
recursivelyTraverseMutationEffects @ react-dom.development.js:24312
commitMutationEffectsOnFiber @ react-dom.development.js:24332
recursivelyTraverseMutationEffects @ react-dom.development.js:24312
commitMutationEffectsOnFiber @ react-dom.development.js:24332
recursivelyTraverseMutationEffects @ react-dom.development.js:24312
commitMutationEffectsOnFiber @ react-dom.development.js:24615
recursivelyTraverseMutationEffects @ react-dom.development.js:24312
commitMutationEffectsOnFiber @ react-dom.development.js:24615
recursivelyTraverseMutationEffects @ react-dom.development.js:24312
commitMutationEffectsOnFiber @ react-dom.development.js:24332
recursivelyTraverseMutationEffects @ react-dom.development.js:24312
commitMutationEffectsOnFiber @ react-dom.development.js:24332
recursivelyTraverseMutationEffects @ react-dom.development.js:24312
commitMutationEffectsOnFiber @ react-dom.development.js:24332
recursivelyTraverseMutationEffects @ react-dom.development.js:24312
commitMutationEffectsOnFiber @ react-dom.development.js:24615
recursivelyTraverseMutationEffects @ react-dom.development.js:24312
commitMutationEffectsOnFiber @ react-dom.development.js:24471
commitMutationEffects @ react-dom.development.js:24282
commitRootImpl @ react-dom.development.js:26849
commitRoot @ react-dom.development.js:26721
finishConcurrentRender @ react-dom.development.js:26020
performConcurrentWorkOnRoot @ react-dom.development.js:25848
workLoop @ scheduler.development.js:266
flushWork @ scheduler.development.js:239
performWorkUntilDeadline @ scheduler.development.js:533
react-dom.development.js:798 Error: <circle> attribute cy: Expected length, "NaN".
setValueForProperty @ react-dom.development.js:798
setInitialDOMProperties @ react-dom.development.js:9720
setInitialProperties @ react-dom.development.js:9921
finalizeInitialChildren @ react-dom.development.js:10950
completeWork @ react-dom.development.js:22232
completeUnitOfWork @ react-dom.development.js:26635
performUnitOfWork @ react-dom.development.js:26607
workLoopSync @ react-dom.development.js:26505
renderRootSync @ react-dom.development.js:26473
performSyncWorkOnRoot @ react-dom.development.js:26124
flushSyncCallbacks @ react-dom.development.js:12042
(anonymous) @ react-dom.development.js:25690
react-dom.development.js:798 Error: <circle> attribute cy: Expected length, "NaN".
setValueForProperty @ react-dom.development.js:798
setInitialDOMProperties @ react-dom.development.js:9720
setInitialProperties @ react-dom.development.js:9921
finalizeInitialChildren @ react-dom.development.js:10950
completeWork @ react-dom.development.js:22232
completeUnitOfWork @ react-dom.development.js:26635
performUnitOfWork @ react-dom.development.js:26607
workLoopSync @ react-dom.development.js:26505
renderRootSync @ react-dom.development.js:26473
performSyncWorkOnRoot @ react-dom.development.js:26124
flushSyncCallbacks @ react-dom.development.js:12042
(anonymous) @ react-dom.development.js:25690
react-dom.development.js:798 Error: <circle> attribute cy: Expected length, "NaN".
setValueForProperty @ react-dom.development.js:798
setInitialDOMProperties @ react-dom.development.js:9720
setInitialProperties @ react-dom.development.js:9921
finalizeInitialChildren @ react-dom.development.js:10950
completeWork @ react-dom.development.js:22232
completeUnitOfWork @ react-dom.development.js:26635
performUnitOfWork @ react-dom.development.js:26607
workLoopSync @ react-dom.development.js:26505
renderRootSync @ react-dom.development.js:26473
performSyncWorkOnRoot @ react-dom.development.js:26124
flushSyncCallbacks @ react-dom.development.js:12042
(anonymous) @ react-dom.development.js:25690
react-dom.development.js:798 Error: <circle> attribute cy: Expected length, "NaN".
setValueForProperty @ react-dom.development.js:798
setInitialDOMProperties @ react-dom.development.js:9720
setInitialProperties @ react-dom.development.js:9921
finalizeInitialChildren @ react-dom.development.js:10950
completeWork @ react-dom.development.js:22232
completeUnitOfWork @ react-dom.development.js:26635
performUnitOfWork @ react-dom.development.js:26607
workLoopSync @ react-dom.development.js:26505
renderRootSync @ react-dom.development.js:26473
performSyncWorkOnRoot @ react-dom.development.js:26124
flushSyncCallbacks @ react-dom.development.js:12042
(anonymous) @ react-dom.development.js:25690
eeee:1  GET http://localhost:3000/eeee 500 (Internal Server Error)
Image
commitMount @ react-dom.development.js:11038
commitLayoutEffectOnFiber @ react-dom.development.js:23446
commitLayoutMountEffects_complete @ react-dom.development.js:24727
commitLayoutEffects_begin @ react-dom.development.js:24713
commitLayoutEffects @ react-dom.development.js:24651
commitRootImpl @ react-dom.development.js:26862
commitRoot @ react-dom.development.js:26721
performSyncWorkOnRoot @ react-dom.development.js:26156
flushSyncCallbacks @ react-dom.development.js:12042
(anonymous) @ react-dom.development.js:25690
sa:1  GET http://localhost:3000/sa 500 (Internal Server Error)
Image
commitMount @ react-dom.development.js:11038
commitLayoutEffectOnFiber @ react-dom.development.js:23446
commitLayoutMountEffects_complete @ react-dom.development.js:24727
commitLayoutEffects_begin @ react-dom.development.js:24713
commitLayoutEffects @ react-dom.development.js:24651
commitRootImpl @ react-dom.development.js:26862
commitRoot @ react-dom.development.js:26721
performSyncWorkOnRoot @ react-dom.development.js:26156
flushSyncCallbacks @ react-dom.development.js:12042
(anonymous) @ react-dom.development.js:25690
react-dom.development.js:798 Error: <polyline> attribute points: Expected number, "0,NaN 20,NaN".
setValueForProperty @ react-dom.development.js:798
setInitialDOMProperties @ react-dom.development.js:9720
setInitialProperties @ react-dom.development.js:9921
finalizeInitialChildren @ react-dom.development.js:10950
completeWork @ react-dom.development.js:22232
completeUnitOfWork @ react-dom.development.js:26635
performUnitOfWork @ react-dom.development.js:26607
workLoopSync @ react-dom.development.js:26505
renderRootSync @ react-dom.development.js:26473
performSyncWorkOnRoot @ react-dom.development.js:26124
flushSyncCallbacks @ react-dom.development.js:12042
(anonymous) @ react-dom.development.js:25690
eeee:1  GET http://localhost:3000/eeee 500 (Internal Server Error)
Image
commitMount @ react-dom.development.js:11038
commitLayoutEffectOnFiber @ react-dom.development.js:23446
commitLayoutMountEffects_complete @ react-dom.development.js:24727
commitLayoutEffects_begin @ react-dom.development.js:24713
commitLayoutEffects @ react-dom.development.js:24651
commitRootImpl @ react-dom.development.js:26862
commitRoot @ react-dom.development.js:26721
performSyncWorkOnRoot @ react-dom.development.js:26156
flushSyncCallbacks @ react-dom.development.js:12042
(anonymous) @ react-dom.development.js:25690
sa:1  GET http://localhost:3000/sa 500 (Internal Server Error)
Image
commitMount @ react-dom.development.js:11038
commitLayoutEffectOnFiber @ react-dom.development.js:23446
commitLayoutMountEffects_complete @ react-dom.development.js:24727
commitLayoutEffects_begin @ react-dom.development.js:24713
commitLayoutEffects @ react-dom.development.js:24651
commitRootImpl @ react-dom.development.js:26862
commitRoot @ react-dom.development.js:26721
performSyncWorkOnRoot @ react-dom.development.js:26156
flushSyncCallbacks @ react-dom.development.js:12042
(anonymous) @ react-dom.development.js:25690
react-dom.development.js:798 Error: <polyline> attribute points: Expected number, "0,NaN 20,NaN".
setValueForProperty @ react-dom.development.js:798
setInitialDOMProperties @ react-dom.development.js:9720
setInitialProperties @ react-dom.development.js:9921
finalizeInitialChildren @ react-dom.development.js:10950
completeWork @ react-dom.development.js:22232
completeUnitOfWork @ react-dom.development.js:26635
performUnitOfWork @ react-dom.development.js:26607
workLoopSync @ react-dom.development.js:26505
renderRootSync @ react-dom.development.js:26473
performSyncWorkOnRoot @ react-dom.development.js:26124
flushSyncCallbacks @ react-dom.development.js:12042
(anonymous) @ react-dom.development.js:25690
eeee:1  GET http://localhost:3000/eeee 500 (Internal Server Error)
Image
commitMount @ react-dom.development.js:11038
commitLayoutEffectOnFiber @ react-dom.development.js:23446
commitLayoutMountEffects_complete @ react-dom.development.js:24727
commitLayoutEffects_begin @ react-dom.development.js:24713
commitLayoutEffects @ react-dom.development.js:24651
commitRootImpl @ react-dom.development.js:26862
commitRoot @ react-dom.development.js:26721
performSyncWorkOnRoot @ react-dom.development.js:26156
flushSyncCallbacks @ react-dom.development.js:12042
(anonymous) @ react-dom.development.js:25690
sa:1  GET http://localhost:3000/sa 500 (Internal Server Error)
Image
commitMount @ react-dom.development.js:11038
commitLayoutEffectOnFiber @ react-dom.development.js:23446
commitLayoutMountEffects_complete @ react-dom.development.js:24727
commitLayoutEffects_begin @ react-dom.development.js:24713
commitLayoutEffects @ react-dom.development.js:24651
commitRootImpl @ react-dom.development.js:26862
commitRoot @ react-dom.development.js:26721
performSyncWorkOnRoot @ react-dom.development.js:26156
flushSyncCallbacks @ react-dom.development.js:12042
(anonymous) @ react-dom.development.js:25690
